Base path: /Applications/Unity/Unity.app/Contents
Cmd: initializeCompiler
Cmd: compileComputeKernel
  api=14 insize=144 outsize=4877 ok=1
Cmd: translateComputeKernel
  api=14 insize=4877 outsize=7085 ok=1
Cmd: compileComputeKernel
  api=14 insize=178 outsize=12629 ok=1
Cmd: translateComputeKernel
  api=14 insize=12757 outsize=25741 ok=1
Cmd: translateComputeKernel
  api=14 insize=9105 outsize=16037 ok=1
Cmd: compileComputeKernel
  api=14 insize=617 outsize=5525 ok=1
Cmd: compileComputeKernel
  api=14 insize=617 outsize=5541 ok=1
Cmd: compileComputeKernel
  api=14 insize=617 outsize=4833 ok=1
Cmd: translateComputeKernel
  api=14 insize=3889 outsize=4909 ok=1
Cmd: translateComputeKernel
  api=14 insize=6089 outsize=11349 ok=1
Cmd: compileComputeKernel
  api=14 insize=237 outsize=4709 ok=1
Cmd: translateComputeKernel
  api=14 insize=5477 outsize=8569 ok=1
Cmd: initializeCompiler
Cmd: initializeCompiler
Cmd: initializeCompiler
Cmd: compileComputeKernel
  api=14 insize=178 outsize=11941 ok=1
Cmd: translateComputeKernel
  api=14 insize=12629 outsize=25589 ok=1
Cmd: compileComputeKernel
  api=14 insize=144 outsize=9105 ok=1
Cmd: translateComputeKernel
  api=14 insize=9105 outsize=16037 ok=1
Cmd: compileComputeKernel
  api=14 insize=617 outsize=3637 ok=1
Cmd: compileComputeKernel
  api=14 insize=617 outsize=5729 ok=1
Cmd: compileComputeKernel
  api=14 insize=617 outsize=4801 ok=1
Cmd: compileComputeKernel
  api=14 insize=617 outsize=4061 ok=1
Cmd: translateComputeKernel
  api=14 insize=1241 outsize=697 ok=1
Cmd: translateComputeKernel
  api=14 insize=6181 outsize=11281 ok=1
Cmd: translateComputeKernel
  api=14 insize=4937 outsize=7289 ok=1
Cmd: translateComputeKernel
  api=14 insize=5149 outsize=8381 ok=1
Cmd: compileComputeKernel
  api=14 insize=237 outsize=5409 ok=1
Cmd: translateComputeKernel
  api=14 insize=3793 outsize=4657 ok=1
Cmd: initializeCompiler
Cmd: initializeCompiler
Cmd: initializeCompiler
Cmd: initializeCompiler
Cmd: initializeCompiler
Cmd: initializeCompiler
Cmd: initializeCompiler
Cmd: initializeCompiler
Cmd: initializeCompiler
Cmd: initializeCompiler
Cmd: initializeCompiler
Cmd: initializeCompiler

Quitting shader compiler process
