Base path: /Applications/Unity/Unity.app/Contents
Cmd: initializeCompiler
Cmd: compileComputeKernel
  api=14 insize=178 outsize=12757 ok=1
Cmd: translateComputeKernel
  api=14 insize=11941 outsize=23369 ok=1
Cmd: translateComputeKernel
  api=14 insize=7469 outsize=10933 ok=1
Cmd: compileComputeKernel
  api=14 insize=617 outsize=3725 ok=1
Cmd: compileComputeKernel
  api=14 insize=617 outsize=5489 ok=1
Cmd: compileComputeKernel
  api=14 insize=617 outsize=4737 ok=1
Cmd: compileComputeKernel
  api=14 insize=617 outsize=4625 ok=1
Cmd: translateComputeKernel
  api=14 insize=4037 outsize=5537 ok=1
Cmd: translateComputeKernel
  api=14 insize=5849 outsize=10353 ok=1
Cmd: translateComputeKernel
  api=14 insize=5053 outsize=7861 ok=1
Cmd: translateComputeKernel
  api=14 insize=5149 outsize=8381 ok=1
Cmd: compileComputeKernel
  api=14 insize=237 outsize=5409 ok=1
Cmd: translateComputeKernel
  api=14 insize=3793 outsize=4657 ok=1
Cmd: initializeCompiler
Cmd: initializeCompiler
Cmd: initializeCompiler
Cmd: compileComputeKernel
  api=14 insize=144 outsize=4877 ok=1
Cmd: translateComputeKernel
  api=14 insize=4877 outsize=7085 ok=1
Cmd: compileComputeKernel
  api=14 insize=178 outsize=12757 ok=1
Cmd: translateComputeKernel
  api=14 insize=11941 outsize=23369 ok=1
Cmd: compileComputeKernel
  api=14 insize=617 outsize=3725 ok=1
Cmd: compileComputeKernel
  api=14 insize=617 outsize=5489 ok=1
Cmd: compileComputeKernel
  api=14 insize=617 outsize=4737 ok=1
Cmd: compileComputeKernel
  api=14 insize=617 outsize=4625 ok=1
Cmd: translateComputeKernel
  api=14 insize=5885 outsize=10289 ok=1
Cmd: translateComputeKernel
  api=14 insize=5857 outsize=8925 ok=1
Cmd: translateComputeKernel
  api=14 insize=5117 outsize=7765 ok=1
Cmd: translateComputeKernel
  api=14 insize=4385 outsize=5829 ok=1
Cmd: translateComputeKernel
  api=14 insize=4845 outsize=6885 ok=1
Cmd: initializeCompiler
Cmd: initializeCompiler
Cmd: initializeCompiler
Cmd: initializeCompiler
Cmd: initializeCompiler
Cmd: initializeCompiler
Cmd: initializeCompiler
Cmd: initializeCompiler
Cmd: initializeCompiler
Cmd: initializeCompiler
Cmd: initializeCompiler
Cmd: initializeCompiler

Quitting shader compiler process
